2024-10-09 01:38:43,254 - root - MainThread - DEBUG - ERT Plugin manager:
	ert.shared.hook_implementations
		<HookCaller 'help_links'>
		<HookCaller 'installable_jobs'>
		<HookCaller 'installable_workflow_jobs'>
		<HookCaller 'job_documentation'>
		<HookCaller 'legacy_ertscript_workflow'>
		<HookCaller 'site_config_lines'>

2024-10-09 01:38:43,254 - root - MainThread - DEBUG - Creating temporary directory for site-config
2024-10-09 01:38:43,261 - root - MainThread - DEBUG - Temporary directory created: /tmp/tmp4ejngwat
2024-10-09 01:38:43,262 - root - MainThread - DEBUG - Got no ecl100 config path from any plugins
2024-10-09 01:38:43,262 - root - MainThread - DEBUG - Got no ecl300 config path from any plugins
2024-10-09 01:38:43,262 - root - MainThread - DEBUG - Got no flow config path from any plugins
2024-10-09 01:38:43,262 - root - MainThread - DEBUG - Got no rms config path from any plugins
2024-10-09 01:38:43,268 - root - MainThread - DEBUG - Creating temporary site-config
2024-10-09 01:38:43,269 - root - MainThread - DEBUG - Temporary site-config created: /tmp/tmp4ejngwat/site-config
2024-10-09 01:38:43,269 - root - MainThread - DEBUG - Setting environment variable ERT_SITE_CONFIG=/tmp/tmp4ejngwat/site-config
2024-10-09 01:38:43,269 - ert.__main__ - MainThread - INFO - Running ert with Namespace(config='spe3.ert', feature_scheduler=None, func=<function run_gui_wrapper at 0x7fcd312639d0>, logdir='./logs', mode='gui', read_only=False, verbose=False)
2024-10-09 01:38:44,010 - ert.config.ert_config - MainThread - INFO - Content of the configuration file (spe3.ert):
QUEUE_SYSTEM LOCAL
QUEUE_OPTION LOCAL MAX_RUNNING 4
RUNPATH spe3_out/realization-<IENS>/iter-<ITER>
NUM_REALIZATIONS 12
ECLBASE SPE3
REFCASE <CONFIG_PATH>/resources/refcase/SPE3
SUMMARY WOPR:PROD FOPR WOPT:PROD FOPT BOSAT BRS WBHP:INJ WBHP:INJ WGIR:PROD WGIR:INJ WGPR:INJ WGPR:PROD WOIR:PROD WOIR:INJ WWIR:PROD WWIR:INJ WWPR:PROD WWPR:INJ
OBS_CONFIG obs.txt
GEN_KW FIELD_PROPERTIES field_properties_priors

2024-10-09 01:38:44,010 - ert.config.ert_config - MainThread - INFO - Content of the config_dict: {'DEFINE': [['<CONFIG_PATH>', '/home/aaronyf/download/ert/ert-spe3flow'], ['<CONFIG_FILE_BASE>', 'spe3'], ['<DATE>', '2024-10-09'], ['<CWD>', '/home/aaronyf/download/ert/ert-spe3flow'], ['<CONFIG_FILE>', 'spe3.ert']], 'JOB_SCRIPT': 'job_dispatch.py', 'QUEUE_SYSTEM': <QueueSystem.LOCAL: 'LOCAL'>, 'QUEUE_OPTION': [[<QueueSystem.LOCAL: 'LOCAL'>, 'MAX_RUNNING', '1'], [<QueueSystem.LOCAL: 'LOCAL'>, 'MAX_RUNNING', '4']], 'INSTALL_JOB': [['delete_file', '/usr/local/lib/python3.8/dist-packages/ert/shared/share/ert/forward-models/shell/delete_file'], ['careful_copy_file', '/usr/local/lib/python3.8/dist-packages/ert/shared/share/ert/forward-models/shell/careful_copy_file'], ['delete_directory', '/usr/local/lib/python3.8/dist-packages/ert/shared/share/ert/forward-models/shell/delete_directory'], ['copy_file', '/usr/local/lib/python3.8/dist-packages/ert/shared/share/ert/forward-models/shell/copy_file'], ['copy_directory', '/usr/local/lib/python3.8/dist-packages/ert/shared/share/ert/forward-models/shell/copy_directory'], ['make_symlink', '/usr/local/lib/python3.8/dist-packages/ert/shared/share/ert/forward-models/shell/make_symlink'], ['symlink', '/usr/local/lib/python3.8/dist-packages/ert/shared/share/ert/forward-models/shell/symlink'], ['move_file', '/usr/local/lib/python3.8/dist-packages/ert/shared/share/ert/forward-models/shell/move_file'], ['make_directory', '/usr/local/lib/python3.8/dist-packages/ert/shared/share/ert/forward-models/shell/make_directory'], ['eclipse300', '/usr/local/lib/python3.8/dist-packages/ert/shared/share/ert/forward-models/res/eclipse300'], ['flow', '/usr/local/lib/python3.8/dist-packages/ert/shared/share/ert/forward-models/res/flow'], ['eclipse100', '/usr/local/lib/python3.8/dist-packages/ert/shared/share/ert/forward-models/res/eclipse100'], ['rms', '/usr/local/lib/python3.8/dist-packages/ert/shared/share/ert/forward-models/res/rms'], ['template_render', '/usr/local/lib/python3.8/dist-packages/ert/shared/share/ert/forward-models/templating/template_render'], ['MAKE_DIRECTORY', '/usr/local/lib/python3.8/dist-packages/ert/shared/share/ert/forward-models/old_style/MAKE_DIRECTORY'], ['MAKE_SYMLINK', '/usr/local/lib/python3.8/dist-packages/ert/shared/share/ert/forward-models/old_style/MAKE_SYMLINK'], ['MOVE_FILE', '/usr/local/lib/python3.8/dist-packages/ert/shared/share/ert/forward-models/old_style/MOVE_FILE'], ['ECLIPSE300', '/usr/local/lib/python3.8/dist-packages/ert/shared/share/ert/forward-models/old_style/ECLIPSE300'], ['DELETE_FILE', '/usr/local/lib/python3.8/dist-packages/ert/shared/share/ert/forward-models/old_style/DELETE_FILE'], ['SYMLINK', '/usr/local/lib/python3.8/dist-packages/ert/shared/share/ert/forward-models/old_style/SYMLINK'], ['ECLIPSE100', '/usr/local/lib/python3.8/dist-packages/ert/shared/share/ert/forward-models/old_style/ECLIPSE100'], ['COPY_FILE', '/usr/local/lib/python3.8/dist-packages/ert/shared/share/ert/forward-models/old_style/COPY_FILE'], ['FLOW', '/usr/local/lib/python3.8/dist-packages/ert/shared/share/ert/forward-models/old_style/FLOW'], ['TEMPLATE_RENDER', '/usr/local/lib/python3.8/dist-packages/ert/shared/share/ert/forward-models/old_style/TEMPLATE_RENDER'], ['DELETE_DIRECTORY', '/usr/local/lib/python3.8/dist-packages/ert/shared/share/ert/forward-models/old_style/DELETE_DIRECTORY'], ['COPY_DIRECTORY', '/usr/local/lib/python3.8/dist-packages/ert/shared/share/ert/forward-models/old_style/COPY_DIRECTORY'], ['RMS', '/usr/local/lib/python3.8/dist-packages/ert/shared/share/ert/forward-models/old_style/RMS'], ['CAREFUL_COPY_FILE', '/usr/local/lib/python3.8/dist-packages/ert/shared/share/ert/forward-models/old_style/CAREFUL_COPY_FILE']], 'RUNPATH': '/home/aaronyf/download/ert/ert-spe3flow/spe3_out/realization-<IENS>/iter-<ITER>', 'NUM_REALIZATIONS': 12, 'ECLBASE': 'SPE3', 'REFCASE': '/home/aaronyf/download/ert/ert-spe3flow/resources/refcase/SPE3', 'SUMMARY': [['WOPR:PROD', 'FOPR', 'WOPT:PROD', 'FOPT', 'BOSAT', 'BRS', 'WBHP:INJ', 'WBHP:INJ', 'WGIR:PROD', 'WGIR:INJ', 'WGPR:INJ', 'WGPR:PROD', 'WOIR:PROD', 'WOIR:INJ', 'WWIR:PROD', 'WWIR:INJ', 'WWPR:PROD', 'WWPR:INJ']], 'OBS_CONFIG': '/home/aaronyf/download/ert/ert-spe3flow/obs.txt', 'GEN_KW': [['FIELD_PROPERTIES', '/home/aaronyf/download/ert/ert-spe3flow/field_properties_priors']]}
2024-10-09 01:38:44,017 - ert.config.ensemble_config - MainThread - INFO - Adding GenKwConfig config (of size 3) to parameter_configs
2024-10-09 01:38:44,150 - ert.gui.main - MainThread - INFO - Config contains forward model step TEMPLATE_RENDER
2024-10-09 01:38:44,151 - ert.gui.main - MainThread - INFO - Config contains forward model step FLOW
2024-10-09 01:38:44,245 - root - MainThread - DEBUG - Resetting environment variable ERT_SITE_CONFIG
2024-10-09 01:38:44,245 - root - MainThread - DEBUG - Deleting temporary directory for site-config
2024-10-09 01:38:44,246 - ert.__main__ - MainThread - ERROR - ERT crashed unexpectedly with "__init__() got an unexpected keyword argument 'transform_function_definitions'"
Traceback (most recent call last):
  File "/usr/local/lib/python3.8/dist-packages/ert/__main__.py", line 670, in main
    args.func(args, context.plugin_manager)
  File "/usr/local/lib/python3.8/dist-packages/ert/__main__.py", line 190, in run_gui_wrapper
    run_gui(args, ert_plugin_manager)
  File "/usr/local/lib/python3.8/dist-packages/ert/gui/main.py", line 60, in run_gui
    window, ens_path, ensemble_size, parameter_config = _start_initial_gui_window(
  File "/usr/local/lib/python3.8/dist-packages/ert/gui/main.py", line 156, in _start_initial_gui_window
    _main_window = _setup_main_window(ert, args, log_handler, storage, plugin_manager)
  File "/usr/local/lib/python3.8/dist-packages/ert/gui/main.py", line 231, in _setup_main_window
    window.setWidget(SimulationPanel(ert, window.notifier, config_file))
  File "/usr/local/lib/python3.8/dist-packages/ert/gui/simulation/simulation_panel.py", line 101, in __init__
    EvaluateEnsemblePanel(ensemble_size, self.facade.run_path, notifier),
  File "/usr/local/lib/python3.8/dist-packages/ert/gui/simulation/evaluate_ensemble_panel.py", line 52, in __init__
    self._realizations_from_fs()
  File "/usr/local/lib/python3.8/dist-packages/ert/gui/simulation/evaluate_ensemble_panel.py", line 85, in _realizations_from_fs
    parameters = self.notifier.storage.get_ensemble_by_name(
  File "/usr/local/lib/python3.8/dist-packages/ert/storage/local_ensemble.py", line 233, in get_realization_mask_with_parameters
    [
  File "/usr/local/lib/python3.8/dist-packages/ert/storage/local_ensemble.py", line 234, in <listcomp>
    self._parameters_exist_for_realization(i)
  File "/usr/local/lib/python3.8/dist-packages/ert/storage/local_ensemble.py", line 278, in _parameters_exist_for_realization
    if not self.experiment.parameter_configuration:
  File "/usr/lib/python3.8/functools.py", line 967, in __get__
    val = self.func(instance)
  File "/usr/local/lib/python3.8/dist-packages/ert/storage/local_experiment.py", line 275, in parameter_configuration
    params[data["name"]] = _KNOWN_PARAMETER_TYPES[param_type](**data)
TypeError: __init__() got an unexpected keyword argument 'transform_function_definitions'
2024-10-09 01:38:44,257 - root - MainThread - INFO - Peak memory use: 313860 kB
2024-10-09 01:38:55,819 - root - MainThread - DEBUG - ERT Plugin manager:
	ert.shared.hook_implementations
		<HookCaller 'help_links'>
		<HookCaller 'installable_jobs'>
		<HookCaller 'installable_workflow_jobs'>
		<HookCaller 'job_documentation'>
		<HookCaller 'legacy_ertscript_workflow'>
		<HookCaller 'site_config_lines'>

2024-10-09 01:38:55,819 - root - MainThread - DEBUG - Creating temporary directory for site-config
2024-10-09 01:38:55,819 - root - MainThread - DEBUG - Temporary directory created: /tmp/tmpv6xtdsb_
2024-10-09 01:38:55,820 - root - MainThread - DEBUG - Got no ecl100 config path from any plugins
2024-10-09 01:38:55,820 - root - MainThread - DEBUG - Got no ecl300 config path from any plugins
2024-10-09 01:38:55,820 - root - MainThread - DEBUG - Got no flow config path from any plugins
2024-10-09 01:38:55,820 - root - MainThread - DEBUG - Got no rms config path from any plugins
2024-10-09 01:38:55,825 - root - MainThread - DEBUG - Creating temporary site-config
2024-10-09 01:38:55,825 - root - MainThread - DEBUG - Temporary site-config created: /tmp/tmpv6xtdsb_/site-config
2024-10-09 01:38:55,826 - root - MainThread - DEBUG - Setting environment variable ERT_SITE_CONFIG=/tmp/tmpv6xtdsb_/site-config
2024-10-09 01:38:55,826 - ert.__main__ - MainThread - INFO - Running ert with Namespace(config='spe3.ert', feature_scheduler=None, func=<function run_gui_wrapper at 0x7f0f2c3739d0>, logdir='./logs', mode='gui', read_only=False, verbose=False)
2024-10-09 01:38:56,543 - ert.config.ert_config - MainThread - INFO - Content of the configuration file (spe3.ert):
QUEUE_SYSTEM LOCAL
QUEUE_OPTION LOCAL MAX_RUNNING 4
RUNPATH spe3_out/realization-<IENS>/iter-<ITER>
NUM_REALIZATIONS 12
ECLBASE SPE3
REFCASE <CONFIG_PATH>/resources/refcase/SPE3
SUMMARY WOPR:PROD FOPR WOPT:PROD FOPT BOSAT BRS WBHP:INJ WBHP:INJ WGIR:PROD WGIR:INJ WGPR:INJ WGPR:PROD WOIR:PROD WOIR:INJ WWIR:PROD WWIR:INJ WWPR:PROD WWPR:INJ
OBS_CONFIG obs.txt
GEN_KW FIELD_PROPERTIES field_properties_priors

2024-10-09 01:38:56,544 - ert.config.ert_config - MainThread - INFO - Content of the config_dict: {'DEFINE': [['<CONFIG_PATH>', '/home/aaronyf/download/ert/ert-spe3flow'], ['<CONFIG_FILE_BASE>', 'spe3'], ['<DATE>', '2024-10-09'], ['<CWD>', '/home/aaronyf/download/ert/ert-spe3flow'], ['<CONFIG_FILE>', 'spe3.ert']], 'JOB_SCRIPT': 'job_dispatch.py', 'QUEUE_SYSTEM': <QueueSystem.LOCAL: 'LOCAL'>, 'QUEUE_OPTION': [[<QueueSystem.LOCAL: 'LOCAL'>, 'MAX_RUNNING', '1'], [<QueueSystem.LOCAL: 'LOCAL'>, 'MAX_RUNNING', '4']], 'INSTALL_JOB': [['delete_file', '/usr/local/lib/python3.8/dist-packages/ert/shared/share/ert/forward-models/shell/delete_file'], ['careful_copy_file', '/usr/local/lib/python3.8/dist-packages/ert/shared/share/ert/forward-models/shell/careful_copy_file'], ['delete_directory', '/usr/local/lib/python3.8/dist-packages/ert/shared/share/ert/forward-models/shell/delete_directory'], ['copy_file', '/usr/local/lib/python3.8/dist-packages/ert/shared/share/ert/forward-models/shell/copy_file'], ['copy_directory', '/usr/local/lib/python3.8/dist-packages/ert/shared/share/ert/forward-models/shell/copy_directory'], ['make_symlink', '/usr/local/lib/python3.8/dist-packages/ert/shared/share/ert/forward-models/shell/make_symlink'], ['symlink', '/usr/local/lib/python3.8/dist-packages/ert/shared/share/ert/forward-models/shell/symlink'], ['move_file', '/usr/local/lib/python3.8/dist-packages/ert/shared/share/ert/forward-models/shell/move_file'], ['make_directory', '/usr/local/lib/python3.8/dist-packages/ert/shared/share/ert/forward-models/shell/make_directory'], ['eclipse300', '/usr/local/lib/python3.8/dist-packages/ert/shared/share/ert/forward-models/res/eclipse300'], ['flow', '/usr/local/lib/python3.8/dist-packages/ert/shared/share/ert/forward-models/res/flow'], ['eclipse100', '/usr/local/lib/python3.8/dist-packages/ert/shared/share/ert/forward-models/res/eclipse100'], ['rms', '/usr/local/lib/python3.8/dist-packages/ert/shared/share/ert/forward-models/res/rms'], ['template_render', '/usr/local/lib/python3.8/dist-packages/ert/shared/share/ert/forward-models/templating/template_render'], ['MAKE_DIRECTORY', '/usr/local/lib/python3.8/dist-packages/ert/shared/share/ert/forward-models/old_style/MAKE_DIRECTORY'], ['MAKE_SYMLINK', '/usr/local/lib/python3.8/dist-packages/ert/shared/share/ert/forward-models/old_style/MAKE_SYMLINK'], ['MOVE_FILE', '/usr/local/lib/python3.8/dist-packages/ert/shared/share/ert/forward-models/old_style/MOVE_FILE'], ['ECLIPSE300', '/usr/local/lib/python3.8/dist-packages/ert/shared/share/ert/forward-models/old_style/ECLIPSE300'], ['DELETE_FILE', '/usr/local/lib/python3.8/dist-packages/ert/shared/share/ert/forward-models/old_style/DELETE_FILE'], ['SYMLINK', '/usr/local/lib/python3.8/dist-packages/ert/shared/share/ert/forward-models/old_style/SYMLINK'], ['ECLIPSE100', '/usr/local/lib/python3.8/dist-packages/ert/shared/share/ert/forward-models/old_style/ECLIPSE100'], ['COPY_FILE', '/usr/local/lib/python3.8/dist-packages/ert/shared/share/ert/forward-models/old_style/COPY_FILE'], ['FLOW', '/usr/local/lib/python3.8/dist-packages/ert/shared/share/ert/forward-models/old_style/FLOW'], ['TEMPLATE_RENDER', '/usr/local/lib/python3.8/dist-packages/ert/shared/share/ert/forward-models/old_style/TEMPLATE_RENDER'], ['DELETE_DIRECTORY', '/usr/local/lib/python3.8/dist-packages/ert/shared/share/ert/forward-models/old_style/DELETE_DIRECTORY'], ['COPY_DIRECTORY', '/usr/local/lib/python3.8/dist-packages/ert/shared/share/ert/forward-models/old_style/COPY_DIRECTORY'], ['RMS', '/usr/local/lib/python3.8/dist-packages/ert/shared/share/ert/forward-models/old_style/RMS'], ['CAREFUL_COPY_FILE', '/usr/local/lib/python3.8/dist-packages/ert/shared/share/ert/forward-models/old_style/CAREFUL_COPY_FILE']], 'RUNPATH': '/home/aaronyf/download/ert/ert-spe3flow/spe3_out/realization-<IENS>/iter-<ITER>', 'NUM_REALIZATIONS': 12, 'ECLBASE': 'SPE3', 'REFCASE': '/home/aaronyf/download/ert/ert-spe3flow/resources/refcase/SPE3', 'SUMMARY': [['WOPR:PROD', 'FOPR', 'WOPT:PROD', 'FOPT', 'BOSAT', 'BRS', 'WBHP:INJ', 'WBHP:INJ', 'WGIR:PROD', 'WGIR:INJ', 'WGPR:INJ', 'WGPR:PROD', 'WOIR:PROD', 'WOIR:INJ', 'WWIR:PROD', 'WWIR:INJ', 'WWPR:PROD', 'WWPR:INJ']], 'OBS_CONFIG': '/home/aaronyf/download/ert/ert-spe3flow/obs.txt', 'GEN_KW': [['FIELD_PROPERTIES', '/home/aaronyf/download/ert/ert-spe3flow/field_properties_priors']]}
2024-10-09 01:38:56,550 - ert.config.ensemble_config - MainThread - INFO - Adding GenKwConfig config (of size 3) to parameter_configs
2024-10-09 01:38:56,676 - ert.gui.main - MainThread - INFO - Config contains forward model step TEMPLATE_RENDER
2024-10-09 01:38:56,676 - ert.gui.main - MainThread - INFO - Config contains forward model step FLOW
2024-10-09 01:38:56,718 - root - MainThread - DEBUG - Resetting environment variable ERT_SITE_CONFIG
2024-10-09 01:38:56,718 - root - MainThread - DEBUG - Deleting temporary directory for site-config
2024-10-09 01:38:56,719 - ert.__main__ - MainThread - ERROR - ERT crashed unexpectedly with "__init__() got an unexpected keyword argument 'transform_function_definitions'"
Traceback (most recent call last):
  File "/usr/local/lib/python3.8/dist-packages/ert/__main__.py", line 670, in main
    args.func(args, context.plugin_manager)
  File "/usr/local/lib/python3.8/dist-packages/ert/__main__.py", line 190, in run_gui_wrapper
    run_gui(args, ert_plugin_manager)
  File "/usr/local/lib/python3.8/dist-packages/ert/gui/main.py", line 60, in run_gui
    window, ens_path, ensemble_size, parameter_config = _start_initial_gui_window(
  File "/usr/local/lib/python3.8/dist-packages/ert/gui/main.py", line 156, in _start_initial_gui_window
    _main_window = _setup_main_window(ert, args, log_handler, storage, plugin_manager)
  File "/usr/local/lib/python3.8/dist-packages/ert/gui/main.py", line 231, in _setup_main_window
    window.setWidget(SimulationPanel(ert, window.notifier, config_file))
  File "/usr/local/lib/python3.8/dist-packages/ert/gui/simulation/simulation_panel.py", line 101, in __init__
    EvaluateEnsemblePanel(ensemble_size, self.facade.run_path, notifier),
  File "/usr/local/lib/python3.8/dist-packages/ert/gui/simulation/evaluate_ensemble_panel.py", line 52, in __init__
    self._realizations_from_fs()
  File "/usr/local/lib/python3.8/dist-packages/ert/gui/simulation/evaluate_ensemble_panel.py", line 85, in _realizations_from_fs
    parameters = self.notifier.storage.get_ensemble_by_name(
  File "/usr/local/lib/python3.8/dist-packages/ert/storage/local_ensemble.py", line 233, in get_realization_mask_with_parameters
    [
  File "/usr/local/lib/python3.8/dist-packages/ert/storage/local_ensemble.py", line 234, in <listcomp>
    self._parameters_exist_for_realization(i)
  File "/usr/local/lib/python3.8/dist-packages/ert/storage/local_ensemble.py", line 278, in _parameters_exist_for_realization
    if not self.experiment.parameter_configuration:
  File "/usr/lib/python3.8/functools.py", line 967, in __get__
    val = self.func(instance)
  File "/usr/local/lib/python3.8/dist-packages/ert/storage/local_experiment.py", line 275, in parameter_configuration
    params[data["name"]] = _KNOWN_PARAMETER_TYPES[param_type](**data)
TypeError: __init__() got an unexpected keyword argument 'transform_function_definitions'
2024-10-09 01:38:56,720 - root - MainThread - INFO - Peak memory use: 313860 kB
